<?xml version="1.0" encoding="UTF-8"?>
<testng-results skipped="0" failed="0" ignored="0" total="1" passed="1">
  <reporter-output>
  </reporter-output>
  <suite name="Default suite" duration-ms="23614" started-at="2019-05-13T14:53:07Z" finished-at="2019-05-13T14:53:30Z">
    <groups>
    </groups>
    <test name="Default test" duration-ms="23614" started-at="2019-05-13T14:53:07Z" finished-at="2019-05-13T14:53:30Z">
      <class name="post.PostRequestTest">
        <test-method status="PASS" signature="postRequestDemo()[pri:0, instance:post.PostRequestTest@17e2f02]" name="postRequestDemo" duration-ms="23589" started-at="2019-05-13T14:53:07Z" finished-at="2019-05-13T14:53:30Z">
          <reporter-output>
          </reporter-output>
        </test-method> <!-- postRequestDemo -->
      </class> <!-- post.PostRequestTest -->
    </test> <!-- Default test -->
  </suite> <!-- Default suite -->
</testng-results>
